app/build/intermediates/manifest_merge_blame_file/release/manifest-merger-blame-release-report.txt
1<?xml version="1.0" encoding="utf-8"?>
2<manifest xmlns:android="http://schemas.android.com/apk/res/android"
3    package="com.novafocus.alphabetlauncher"
4    android:versionCode="1"
5    android:versionName="1.0.0" >
6
7    <uses-sdk
8        android:minSdkVersion="24"
9        android:targetSdkVersion="34" />
10
11    <!-- Query all packages permission for Android 11+ app listing -->
12    <uses-permission android:name="android.permission.QUERY_ALL_PACKAGES" />
12-->src/main/AndroidManifest.xml:6:5-7:53
12-->src/main/AndroidManifest.xml:6:22-74
13
14    <!-- Vibrator permission for smooth haptic feedback ticks -->
15    <uses-permission android:name="android.permission.VIBRATE" />
15-->src/main/AndroidManifest.xml:10:5-66
15-->src/main/AndroidManifest.xml:10:22-63
16
17    <!-- Handle launcher intent queries -->
18    <queries>
18-->src/main/AndroidManifest.xml:13:5-18:15
19        <intent>
19-->src/main/AndroidManifest.xml:14:9-17:18
20            <action android:name="android.intent.action.MAIN" />
20-->src/main/AndroidManifest.xml:15:13-65
20-->src/main/AndroidManifest.xml:15:21-62
21
22            <category android:name="android.intent.category.LAUNCHER" />
22-->src/main/AndroidManifest.xml:16:13-73
22-->src/main/AndroidManifest.xml:16:23-70
23        </intent>
24    </queries>
25
26    <permission
26-->[androidx.core:core:1.12.0] AndroidManifest.xml:22:5-24:47
27        android:name="com.novafocus.alphabetlauncher.DYNAMIC_RECEIVER_NOT_EXPORTED_PERMISSION"
27-->[androidx.core:core:1.12.0] AndroidManifest.xml:23:9-81
28        android:protectionLevel="signature" />
28-->[androidx.core:core:1.12.0] AndroidManifest.xml:24:9-44
29
30    <uses-permission android:name="com.novafocus.alphabetlauncher.DYNAMIC_RECEIVER_NOT_EXPORTED_PERMISSION" />
30-->[androidx.core:core:1.12.0] AndroidManifest.xml:26:5-97
30-->[androidx.core:core:1.12.0] AndroidManifest.xml:26:22-94
31
32    <application
32-->src/main/AndroidManifest.xml:20:5-58:19
33        android:allowBackup="true"
33-->src/main/AndroidManifest.xml:21:9-35
34        android:appComponentFactory="androidx.core.app.CoreComponentFactory"
34-->[androidx.core:core:1.12.0] AndroidManifest.xml:28:18-86
35        android:dataExtractionRules="@xml/data_extraction_rules"
35-->src/main/AndroidManifest.xml:22:9-65
36        android:extractNativeLibs="false"
37        android:fullBackupContent="@xml/backup_rules"
37-->src/main/AndroidManifest.xml:23:9-54
38        android:icon="@mipmap/ic_launcher"
38-->src/main/AndroidManifest.xml:24:9-43
39        android:label="@string/app_name"
39-->src/main/AndroidManifest.xml:25:9-41
40        android:roundIcon="@mipmap/ic_launcher_round"
40-->src/main/AndroidManifest.xml:26:9-54
41        android:supportsRtl="true"
41-->src/main/AndroidManifest.xml:27:9-35
42        android:theme="@style/Theme.AlphabetLauncher" >
42-->src/main/AndroidManifest.xml:28:9-54
43        <activity
43-->src/main/AndroidManifest.xml:31:9-45:20
44            android:name="com.novafocus.alphabetlauncher.MainActivity"
44-->src/main/AndroidManifest.xml:32:13-41
45            android:exported="true"
45-->src/main/AndroidManifest.xml:33:13-36
46            android:launchMode="singleTask"
46-->src/main/AndroidManifest.xml:34:13-44
47            android:stateNotNeeded="true"
47-->src/main/AndroidManifest.xml:35:13-42
48            android:theme="@style/Theme.AlphabetLauncher" >
48-->src/main/AndroidManifest.xml:36:13-58
49
50            <!-- Launcher intent filters -->
51            <intent-filter>
51-->src/main/AndroidManifest.xml:39:13-44:29
52                <action android:name="android.intent.action.MAIN" />
52-->src/main/AndroidManifest.xml:15:13-65
52-->src/main/AndroidManifest.xml:15:21-62
53
54                <category android:name="android.intent.category.HOME" />
54-->src/main/AndroidManifest.xml:41:17-73
54-->src/main/AndroidManifest.xml:41:27-70
55                <category android:name="android.intent.category.DEFAULT" />
55-->src/main/AndroidManifest.xml:42:17-76
55-->src/main/AndroidManifest.xml:42:27-73
56                <category android:name="android.intent.category.LAUNCHER" />
56-->src/main/AndroidManifest.xml:16:13-73
56-->src/main/AndroidManifest.xml:16:23-70
57            </intent-filter>
58        </activity>
59
60        <receiver
60-->src/main/AndroidManifest.xml:47:9-56:20
61            android:name="com.novafocus.alphabetlauncher.receiver.PackageChangeReceiver"
61-->src/main/AndroidManifest.xml:48:13-59
62            android:exported="true" >
62-->src/main/AndroidManifest.xml:49:13-36
63            <intent-filter>
63-->src/main/AndroidManifest.xml:50:13-55:29
64                <action android:name="android.intent.action.PACKAGE_ADDED" />
64-->src/main/AndroidManifest.xml:51:17-78
64-->src/main/AndroidManifest.xml:51:25-75
65                <action android:name="android.intent.action.PACKAGE_REMOVED" />
65-->src/main/AndroidManifest.xml:52:17-80
65-->src/main/AndroidManifest.xml:52:25-77
66                <action android:name="android.intent.action.PACKAGE_CHANGED" />
66-->src/main/AndroidManifest.xml:53:17-80
66-->src/main/AndroidManifest.xml:53:25-77
67
68                <data android:scheme="package" />
68-->src/main/AndroidManifest.xml:54:17-50
68-->src/main/AndroidManifest.xml:54:23-47
69            </intent-filter>
70        </receiver>
71
72        <provider
72-->[androidx.emoji2:emoji2:1.3.0] AndroidManifest.xml:24:9-32:20
73            android:name="androidx.startup.InitializationProvider"
73-->[androidx.emoji2:emoji2:1.3.0] AndroidManifest.xml:25:13-67
74            android:authorities="com.novafocus.alphabetlauncher.androidx-startup"
74-->[androidx.emoji2:emoji2:1.3.0] AndroidManifest.xml:26:13-68
75            android:exported="false" >
75-->[androidx.emoji2:emoji2:1.3.0] AndroidManifest.xml:27:13-37
76            <meta-data
76-->[androidx.emoji2:emoji2:1.3.0] AndroidManifest.xml:29:13-31:52
77                android:name="androidx.emoji2.text.EmojiCompatInitializer"
77-->[androidx.emoji2:emoji2:1.3.0] AndroidManifest.xml:30:17-75
78                android:value="androidx.startup" />
78-->[androidx.emoji2:emoji2:1.3.0] AndroidManifest.xml:31:17-49
79            <meta-data
79-->[androidx.lifecycle:lifecycle-process:2.7.0] AndroidManifest.xml:29:13-31:52
80                android:name="androidx.lifecycle.ProcessLifecycleInitializer"
80-->[androidx.lifecycle:lifecycle-process:2.7.0] AndroidManifest.xml:30:17-78
81                android:value="androidx.startup" />
81-->[androidx.lifecycle:lifecycle-process:2.7.0] AndroidManifest.xml:31:17-49
82            <meta-data
82-->[androidx.profileinstaller:profileinstaller:1.3.1] AndroidManifest.xml:29:13-31:52
83                android:name="androidx.profileinstaller.ProfileInstallerInitializer"
83-->[androidx.profileinstaller:profileinstaller:1.3.1] AndroidManifest.xml:30:17-85
84                android:value="androidx.startup" />
84-->[androidx.profileinstaller:profileinstaller:1.3.1] AndroidManifest.xml:31:17-49
85        </provider>
86
87        <receiver
87-->[androidx.profileinstaller:profileinstaller:1.3.1] AndroidManifest.xml:34:9-52:20
88            android:name="androidx.profileinstaller.ProfileInstallReceiver"
88-->[androidx.profileinstaller:profileinstaller:1.3.1] AndroidManifest.xml:35:13-76
89            android:directBootAware="false"
89-->[androidx.profileinstaller:profileinstaller:1.3.1] AndroidManifest.xml:36:13-44
90            android:enabled="true"
90-->[androidx.profileinstaller:profileinstaller:1.3.1] AndroidManifest.xml:37:13-35
91            android:exported="true"
91-->[androidx.profileinstaller:profileinstaller:1.3.1] AndroidManifest.xml:38:13-36
92            android:permission="android.permission.DUMP" >
92-->[androidx.profileinstaller:profileinstaller:1.3.1] AndroidManifest.xml:39:13-57
93            <intent-filter>
93-->[androidx.profileinstaller:profileinstaller:1.3.1] AndroidManifest.xml:40:13-42:29
94                <action android:name="androidx.profileinstaller.action.INSTALL_PROFILE" />
94-->[androidx.profileinstaller:profileinstaller:1.3.1] AndroidManifest.xml:41:17-91
94-->[androidx.profileinstaller:profileinstaller:1.3.1] AndroidManifest.xml:41:25-88
95            </intent-filter>
96            <intent-filter>
96-->[androidx.profileinstaller:profileinstaller:1.3.1] AndroidManifest.xml:43:13-45:29
97                <action android:name="androidx.profileinstaller.action.SKIP_FILE" />
97-->[androidx.profileinstaller:profileinstaller:1.3.1] AndroidManifest.xml:44:17-85
97-->[androidx.profileinstaller:profileinstaller:1.3.1] AndroidManifest.xml:44:25-82
98            </intent-filter>
99            <intent-filter>
99-->[androidx.profileinstaller:profileinstaller:1.3.1] AndroidManifest.xml:46:13-48:29
100                <action android:name="androidx.profileinstaller.action.SAVE_PROFILE" />
100-->[androidx.profileinstaller:profileinstaller:1.3.1] AndroidManifest.xml:47:17-88
100-->[androidx.profileinstaller:profileinstaller:1.3.1] AndroidManifest.xml:47:25-85
101            </intent-filter>
102            <intent-filter>
102-->[androidx.profileinstaller:profileinstaller:1.3.1] AndroidManifest.xml:49:13-51:29
103                <action android:name="androidx.profileinstaller.action.BENCHMARK_OPERATION" />
103-->[androidx.profileinstaller:profileinstaller:1.3.1] AndroidManifest.xml:50:17-95
103-->[androidx.profileinstaller:profileinstaller:1.3.1] AndroidManifest.xml:50:25-92
104            </intent-filter>
105        </receiver>
106    </application>
107
108</manifest>